Using pre-set license
Built from '2021.2/china_unity/release' branch; Version is '2021.2.7f1c1 (f334abb85d22) revision 15938731'; Using compiler version '192829333'; Build Type 'Release'
OS: 'Windows 10  (10.0.19043) 64bit Enterprise' Language: 'zh' Physical Memory: 16321 MB
BatchMode: 1, IsHumanControllingUs: 0, StartBugReporterOnCrash: 0, Is64bit: 1, IsPro: 0

COMMAND LINE ARGUMENTS:
C:\Program Files\Unity\Hub\Editor\2021.2.7f1c1\Editor\Unity.exe
-adb2
-batchMode
-noUpm
-name
AssetImportWorker0
-projectPath
C:/Users/apls/Desktop/code/Test/ShadowTest
-logFile
Logs/AssetImportWorker0.log
-srvPort
10838
Successfully changed project path to: C:/Users/apls/Desktop/code/Test/ShadowTest
C:/Users/apls/Desktop/code/Test/ShadowTest
[UnityMemory] Configuration Parameters - Can be set up in boot.config
    "memorysetup-bucket-allocator-granularity=16"
    "memorysetup-bucket-allocator-bucket-count=8"
    "memorysetup-bucket-allocator-block-size=33554432"
    "memorysetup-bucket-allocator-block-count=8"
    "memorysetup-main-allocator-block-size=16777216"
    "memorysetup-thread-allocator-block-size=16777216"
    "memorysetup-gfx-main-allocator-block-size=16777216"
    "memorysetup-gfx-thread-allocator-block-size=16777216"
    "memorysetup-cache-allocator-block-size=4194304"
    "memorysetup-typetree-allocator-block-size=2097152"
    "memorysetup-profiler-bucket-allocator-granularity=16"
    "memorysetup-profiler-bucket-allocator-bucket-count=8"
    "memorysetup-profiler-bucket-allocator-block-size=33554432"
    "memorysetup-profiler-bucket-allocator-block-count=8"
    "memorysetup-profiler-allocator-block-size=16777216"
    "memorysetup-profiler-editor-allocator-block-size=1048576"
    "memorysetup-temp-allocator-size-main=16777216"
    "memorysetup-job-temp-allocator-block-size=2097152"
    "memorysetup-job-temp-allocator-block-size-background=1048576"
    "memorysetup-job-temp-allocator-reduction-small-platforms=262144"
    "memorysetup-temp-allocator-size-background-worker=32768"
    "memorysetup-temp-allocator-size-job-worker=262144"
    "memorysetup-temp-allocator-size-preload-manager=33554432"
    "memorysetup-temp-allocator-size-nav-mesh-worker=65536"
    "memorysetup-temp-allocator-size-audio-worker=65536"
    "memorysetup-temp-allocator-size-cloud-worker=32768"
    "memorysetup-temp-allocator-size-gi-baking-worker=262144"
    "memorysetup-temp-allocator-size-gfx=262144"
AS: AutoStreaming module initializing.
Refreshing native plugins compatible for Editor in 46.78 ms, found 2 plugins.
Preloading 0 native plugins for Editor in 0.00 ms.
Initialize engine version: 2021.2.7f1c1 (f334abb85d22)
[Subsystems] Discovering subsystems at path C:/Program Files/Unity/Hub/Editor/2021.2.7f1c1/Editor/Data/Resources/UnitySubsystems
[Subsystems] Discovering subsystems at path C:/Users/apls/Desktop/code/Test/ShadowTest/Assets
GfxDevice: creating device client; threaded=0; jobified=0
Direct3D:
    Version:  Direct3D 11.0 [level 11.1]
    Renderer: NVIDIA GeForce GTX 1060 6GB (ID=0x1c03)
    Vendor:   NVIDIA
    VRAM:     6052 MB
    Driver:   30.0.14.7212
Initialize mono
Mono path[0] = 'C:/Program Files/Unity/Hub/Editor/2021.2.7f1c1/Editor/Data/Managed'
Mono path[1] = 'C:/Program Files/Unity/Hub/Editor/2021.2.7f1c1/Editor/Data/MonoBleedingEdge/lib/mono/unityjit-win32'
Mono config path = 'C:/Program Files/Unity/Hub/Editor/2021.2.7f1c1/Editor/Data/MonoBleedingEdge/etc'
Using monoOptions --debugger-agent=transport=dt_socket,embedding=1,server=y,suspend=n,address=127.0.0.1:56856
Begin MonoManager ReloadAssembly
Registering precompiled unity dll's ...
Register platform support module: C:/Program Files/Unity/Hub/Editor/2021.2.7f1c1/Editor/Data/PlaybackEngines/WindowsStandaloneSupport/UnityEditor.WindowsStandalone.Extensions.dll
Registered in 0.041139 seconds.
Native extension for WindowsStandalone target not found
Refreshing native plugins compatible for Editor in 66.80 ms, found 2 plugins.
Preloading 0 native plugins for Editor in 0.00 ms.
Mono: successfully reloaded assembly
- Completed reload, in  1.143 seconds
Domain Reload Profiling:
	ReloadAssembly (1143ms)
		BeginReloadAssembly (207ms)
			ExecutionOrderSort (0ms)
			DisableScriptedObjects (0ms)
			BackupInstance (0ms)
			ReleaseScriptingObjects (0ms)
			CreateAndSetChildDomain (1ms)
		EndReloadAssembly (706ms)
			LoadAssemblies (183ms)
			RebuildTransferFunctionScriptingTraits (0ms)
			SetupTypeCache (148ms)
			ReleaseScriptCaches (0ms)
			RebuildScriptCaches (42ms)
			SetupLoadedEditorAssemblies (381ms)
				LogAssemblyErrors (0ms)
				InitializePlatformSupportModulesInManaged (40ms)
				SetLoadedEditorAssemblies (1ms)
				RefreshPlugins (67ms)
				BeforeProcessingInitializeOnLoad (2ms)
				ProcessInitializeOnLoadAttributes (210ms)
				ProcessInitializeOnLoadMethodAttributes (61ms)
				AfterProcessingInitializeOnLoad (0ms)
				EditorAssembliesLoaded (0ms)
			ExecutionOrderSort2 (0ms)
			AwakeInstancesAfterBackupRestoration (0ms)
Platform modules already initialized, skipping
Registering precompiled user dll's ...
Registered in 0.024414 seconds.
Begin MonoManager ReloadAssembly
Native extension for WindowsStandalone target not found
Refreshing native plugins compatible for Editor in 0.37 ms, found 2 plugins.
Preloading 0 native plugins for Editor in 0.00 ms.
Mono: successfully reloaded assembly
- Completed reload, in  1.379 seconds
Domain Reload Profiling:
	ReloadAssembly (1380ms)
		BeginReloadAssembly (252ms)
			ExecutionOrderSort (0ms)
			DisableScriptedObjects (6ms)
			BackupInstance (0ms)
			ReleaseScriptingObjects (0ms)
			CreateAndSetChildDomain (22ms)
		EndReloadAssembly (918ms)
			LoadAssemblies (198ms)
			RebuildTransferFunctionScriptingTraits (0ms)
			SetupTypeCache (200ms)
			ReleaseScriptCaches (0ms)
			RebuildScriptCaches (48ms)
			SetupLoadedEditorAssemblies (470ms)
				LogAssemblyErrors (0ms)
				InitializePlatformSupportModulesInManaged (21ms)
				SetLoadedEditorAssemblies (1ms)
				RefreshPlugins (0ms)
				BeforeProcessingInitializeOnLoad (130ms)
				ProcessInitializeOnLoadAttributes (216ms)
				ProcessInitializeOnLoadMethodAttributes (29ms)
				AfterProcessingInitializeOnLoad (72ms)
				EditorAssembliesLoaded (0ms)
			ExecutionOrderSort2 (0ms)
			AwakeInstancesAfterBackupRestoration (17ms)
Platform modules already initialized, skipping
========================================================================
Worker process is ready to serve import requests
Launched and connected shader compiler UnityShaderCompiler.exe after 0.09 seconds
Refreshing native plugins compatible for Editor in 0.50 ms, found 2 plugins.
Preloading 0 native plugins for Editor in 0.00 ms.
Unloading 1525 Unused Serialized files (Serialized files now loaded: 0)
Unloading 19 unused Assets / (56.3 KB). Loaded Objects now: 2001.
Memory consumption went from 69.3 MB to 69.2 MB.
Total: 2.629400 ms (FindLiveObjects: 0.267900 ms CreateObjectMapping: 0.062500 ms MarkObjects: 2.219800 ms  DeleteObjects: 0.078200 ms)

AssetImportParameters requested are different than current active one (requested -> active):
  custom:video-decoder-ogg-theora: a1e56fd34408186e4bbccfd4996cb3dc -> 
  custom:container-muxer-webm: aa71ff27fc2769a1b78a27578f13a17b -> 
  custom:container-demuxer-webm: 4f35f7cbe854078d1ac9338744f61a02 -> 
  custom:video-encoder-webm-vp8: eb34c28f22e8b96e1ab97ce403110664 -> 
  custom:audio-encoder-webm-vorbis: bf7c407c2cedff20999df2af8eb42d56 -> 
  custom:framework-win-MediaFoundation: 216162199b28c13a410421893ffa2e32 -> 
  custom:container-demuxer-ogg: 62fdf1f143b41e24485cea50d1cbac27 -> 
  custom:video-decoder-webm-vp8: 9c59270c3fd7afecdb556c50c9e8de78 -> 
  custom:audio-decoder-ogg-vorbis: bf7c407c2cedff20999df2af8eb42d56 -> 
========================================================================
Received Import Request.
  Time since last request: 216669.301446 seconds.
  path: Assets/Scenes/StandardShadow.unity
  artifactKey: Guid(9fc0d4010bbf28b4594072e72b8655ab) Importer(815301076,1909f56bfc062723c751e8b465ee728b)
Start importing Assets/Scenes/StandardShadow.unity using Guid(9fc0d4010bbf28b4594072e72b8655ab) Importer(815301076,1909f56bfc062723c751e8b465ee728b)  -> (artifact id: '46ebe67fd2898db90916c012b502af67') in 0.019323 seconds 
========================================================================
Received Import Request.
  Time since last request: 15.338380 seconds.
  path: Assets/GameAssets
  artifactKey: Guid(00169a65de9ea2e4a97b88caf0aa235b) Importer(815301076,1909f56bfc062723c751e8b465ee728b)
Start importing Assets/GameAssets using Guid(00169a65de9ea2e4a97b88caf0aa235b) Importer(815301076,1909f56bfc062723c751e8b465ee728b)  -> (artifact id: '038f96236e50f1db5b84719e7a6e8455') in 0.021778 seconds 
========================================================================
Received Import Request.
  Time since last request: 110.014396 seconds.
  path: Assets/3D Game Kit - Character Pack/Characters/Chomper/Materials/Chomper_Body_Mat.mat
  artifactKey: Guid(dad26cc8af5eca141b973d06942e6efb) Importer(815301076,1909f56bfc062723c751e8b465ee728b)
Start importing Assets/3D Game Kit - Character Pack/Characters/Chomper/Materials/Chomper_Body_Mat.mat using Guid(dad26cc8af5eca141b973d06942e6efb) Importer(815301076,1909f56bfc062723c751e8b465ee728b)  -> (artifact id: '72c3e2ba6840d33b74eed920613c0a81') in 0.209777 seconds 
========================================================================
Received Import Request.
  Time since last request: 0.210985 seconds.
  path: Assets/3D Game Kit - Character Pack/Characters/Chomper/Models/Chomper.FBX
  artifactKey: Guid(2732fe64dd2799f439fb845921df626b) Importer(815301076,1909f56bfc062723c751e8b465ee728b)
Start importing Assets/3D Game Kit - Character Pack/Characters/Chomper/Models/Chomper.FBX using Guid(2732fe64dd2799f439fb845921df626b) Importer(815301076,1909f56bfc062723c751e8b465ee728b)  -> (artifact id: 'a39627a9ebbcdde0caae361843d6c584') in 0.294643 seconds 
========================================================================
Received Import Request.
  Time since last request: 0.976176 seconds.
  path: Assets/3D Game Kit - Character Pack/Characters/Chomper/Textures/Chomper_Albedo.tif
  artifactKey: Guid(a131a3e31f0c4794fbd8d1fd0d942b6a) Importer(815301076,1909f56bfc062723c751e8b465ee728b)
Start importing Assets/3D Game Kit - Character Pack/Characters/Chomper/Textures/Chomper_Albedo.tif using Guid(a131a3e31f0c4794fbd8d1fd0d942b6a) Importer(815301076,1909f56bfc062723c751e8b465ee728b)  -> (artifact id: 'fc7f7fe521f1c65e7a648c798aee2ecf') in 0.051811 seconds 
========================================================================
Received Import Request.
  Time since last request: 0.000020 seconds.
  path: Assets/3D Game Kit - Character Pack/Characters/Chomper/Textures/Chomper_MetallicSmooth.tif
  artifactKey: Guid(b777e10d28a944c4ea05d834c049bdf0) Importer(815301076,1909f56bfc062723c751e8b465ee728b)
Start importing Assets/3D Game Kit - Character Pack/Characters/Chomper/Textures/Chomper_MetallicSmooth.tif using Guid(b777e10d28a944c4ea05d834c049bdf0) Importer(815301076,1909f56bfc062723c751e8b465ee728b)  -> (artifact id: '942157cf4999e9e1e28123ebd7fd2acf') in 0.018061 seconds 
========================================================================
Received Import Request.
  Time since last request: 0.000030 seconds.
  path: Assets/3D Game Kit - Character Pack/Characters/Chomper/Textures/Chomper_Occlusion.tif
  artifactKey: Guid(8b8f71b26727fd347aa7a9584bad7892) Importer(815301076,1909f56bfc062723c751e8b465ee728b)
Start importing Assets/3D Game Kit - Character Pack/Characters/Chomper/Textures/Chomper_Occlusion.tif using Guid(8b8f71b26727fd347aa7a9584bad7892) Importer(815301076,1909f56bfc062723c751e8b465ee728b)  -> (artifact id: 'a298dee09c76d5b7936c68a68a496ee0') in 0.015965 seconds 
========================================================================
Received Import Request.
  Time since last request: 10.916107 seconds.
  path: Assets/3D Game Kit - Character Pack/Characters/Chomper/AnimationClips/@ChomperAttack.fbx
  artifactKey: Guid(257e753645ba2954ca2439c671e5337b) Importer(815301076,1909f56bfc062723c751e8b465ee728b)
Start importing Assets/3D Game Kit - Character Pack/Characters/Chomper/AnimationClips/@ChomperAttack.fbx using Guid(257e753645ba2954ca2439c671e5337b) Importer(815301076,1909f56bfc062723c751e8b465ee728b)  -> (artifact id: '6e956936e6623d30a65dd6cb45e3ecd4') in 0.048540 seconds 
========================================================================
Received Import Request.
  Time since last request: 0.000021 seconds.
  path: Assets/3D Game Kit - Character Pack/Characters/Chomper/AnimationClips/@ChomperHit2.fbx
  artifactKey: Guid(d923bfbf69372aa46bdc5d794fe3dde2) Importer(815301076,1909f56bfc062723c751e8b465ee728b)
Start importing Assets/3D Game Kit - Character Pack/Characters/Chomper/AnimationClips/@ChomperHit2.fbx using Guid(d923bfbf69372aa46bdc5d794fe3dde2) Importer(815301076,1909f56bfc062723c751e8b465ee728b)  -> (artifact id: 'bb2d08d602da29b4cc40c04f37788502') in 0.028546 seconds 
========================================================================
Received Import Request.
  Time since last request: 0.000018 seconds.
  path: Assets/3D Game Kit - Character Pack/Characters/Chomper/AnimationClips/@ChomperWalkForward.fbx
  artifactKey: Guid(207dc8692867d714ab049ba3b95ff920) Importer(815301076,1909f56bfc062723c751e8b465ee728b)
Start importing Assets/3D Game Kit - Character Pack/Characters/Chomper/AnimationClips/@ChomperWalkForward.fbx using Guid(207dc8692867d714ab049ba3b95ff920) Importer(815301076,1909f56bfc062723c751e8b465ee728b)  -> (artifact id: 'a4590e6cf9bcafdf5aef433b6cb5a2b4') in 0.028997 seconds 
========================================================================
Received Import Request.
  Time since last request: 0.000068 seconds.
  path: Assets/3D Game Kit - Character Pack/Characters/Chomper/AnimationClips/@ChomperIdle.fbx
  artifactKey: Guid(ab5bda48f8799bb4f84ab060e69f60a7) Importer(815301076,1909f56bfc062723c751e8b465ee728b)
Start importing Assets/3D Game Kit - Character Pack/Characters/Chomper/AnimationClips/@ChomperIdle.fbx using Guid(ab5bda48f8799bb4f84ab060e69f60a7) Importer(815301076,1909f56bfc062723c751e8b465ee728b)  -> (artifact id: 'aa927b4747ecf49c3a589aa57501ed22') in 0.042799 seconds 
========================================================================
Received Import Request.
  Time since last request: 0.000024 seconds.
  path: Assets/3D Game Kit - Character Pack/Characters/Chomper/AnimationClips/@ChomperHit3.fbx
  artifactKey: Guid(ea28880f3c432b74ba40f56c53f03139) Importer(815301076,1909f56bfc062723c751e8b465ee728b)
Start importing Assets/3D Game Kit - Character Pack/Characters/Chomper/AnimationClips/@ChomperHit3.fbx using Guid(ea28880f3c432b74ba40f56c53f03139) Importer(815301076,1909f56bfc062723c751e8b465ee728b)  -> (artifact id: '45fb2f456677228424d1c1edd8e8b21a') in 0.033996 seconds 
========================================================================
Received Import Request.
  Time since last request: 0.000018 seconds.
  path: Assets/3D Game Kit - Character Pack/Characters/Chomper/AnimationClips/@ChomperHit1.fbx
  artifactKey: Guid(4fc6949e6b7737f4da8cd2e1ce1d66f1) Importer(815301076,1909f56bfc062723c751e8b465ee728b)
Start importing Assets/3D Game Kit - Character Pack/Characters/Chomper/AnimationClips/@ChomperHit1.fbx using Guid(4fc6949e6b7737f4da8cd2e1ce1d66f1) Importer(815301076,1909f56bfc062723c751e8b465ee728b)  -> (artifact id: '5e0672eae15756f8d6aacebec9064741') in 0.028268 seconds 
========================================================================
Received Import Request.
  Time since last request: 0.000019 seconds.
  path: Assets/3D Game Kit - Character Pack/Characters/Chomper/AnimationClips/@ChomperHit4.fbx
  artifactKey: Guid(79010052a8a8d57429c67f68dab3478f) Importer(815301076,1909f56bfc062723c751e8b465ee728b)
Start importing Assets/3D Game Kit - Character Pack/Characters/Chomper/AnimationClips/@ChomperHit4.fbx using Guid(79010052a8a8d57429c67f68dab3478f) Importer(815301076,1909f56bfc062723c751e8b465ee728b)  -> (artifact id: '23ebd1a0b6c78f29f35995493eb7a262') in 0.026715 seconds 
========================================================================
Received Import Request.
  Time since last request: 0.000026 seconds.
  path: Assets/3D Game Kit - Character Pack/Characters/Chomper/AnimationClips/@ChomperRunForward.fbx
  artifactKey: Guid(1e35373135394fa45852a3e55ba00889) Importer(815301076,1909f56bfc062723c751e8b465ee728b)
Start importing Assets/3D Game Kit - Character Pack/Characters/Chomper/AnimationClips/@ChomperRunForward.fbx using Guid(1e35373135394fa45852a3e55ba00889) Importer(815301076,1909f56bfc062723c751e8b465ee728b)  -> (artifact id: 'ae9d05ec68eb10f14413f2b8ebfbddcb') in 0.027644 seconds 
========================================================================
Received Import Request.
  Time since last request: 121.731516 seconds.
  path: Assets/GameAssets/Model/Teapot.FBX
  artifactKey: Guid(354198794248843da8555877937ee568) Importer(815301076,1909f56bfc062723c751e8b465ee728b)
Start importing Assets/GameAssets/Model/Teapot.FBX using Guid(354198794248843da8555877937ee568) Importer(815301076,1909f56bfc062723c751e8b465ee728b)  -> (artifact id: 'cda4b327f254d7e8aae3437a903ce185') in 0.022501 seconds 
========================================================================
Received Import Request.
  Time since last request: 6.254514 seconds.
  path: Assets/GameAssets/Shader/ShadowMap.shader
  artifactKey: Guid(e11122c49084d874b94e412d8bc70561) Importer(815301076,1909f56bfc062723c751e8b465ee728b)
Start importing Assets/GameAssets/Shader/ShadowMap.shader using Guid(e11122c49084d874b94e412d8bc70561) Importer(815301076,1909f56bfc062723c751e8b465ee728b)  -> (artifact id: '08af5aafefc2e379958e677a8d0f547b') in 0.011404 seconds 
========================================================================
Received Import Request.
  Time since last request: 145.704735 seconds.
  path: Assets/GameAssets/Shader/Reflection.shader
  artifactKey: Guid(93cb8364515916d459ef04044da0baf5) Importer(815301076,1909f56bfc062723c751e8b465ee728b)
Start importing Assets/GameAssets/Shader/Reflection.shader using Guid(93cb8364515916d459ef04044da0baf5) Importer(815301076,1909f56bfc062723c751e8b465ee728b)  -> (artifact id: 'da3a8178298c94dde0ad99e0d03593c9') in 0.010102 seconds 
