Using pre-set license
Built from '2020.3/china_unity/release' branch; Version is '2020.3.3f1c1 (a34b99c2c582) revision 10701721'; Using compiler version '192528614'; Build Type 'Release'
OS: 'Windows 10 Enterprise; OS build 19043.1055; Version 2009; 64bit' Language: 'zh' Physical Memory: 16321 MB
BatchMode: 1, IsHumanControllingUs: 0, StartBugReporterOnCrash: 0, Is64bit: 1, IsPro: 0

 COMMAND LINE ARGUMENTS:
C:\Program Files\Unity\Hub\Editor\2020.3.3f1c1\Editor\Unity.exe
-adb2
-batchMode
-noUpm
-name
AssetImportWorker0
-projectPath
C:/Users/apls/Desktop/code/Test/ShadowTest
-logFile
Logs/AssetImportWorker0.log
-srvPort
10435
Successfully changed project path to: C:/Users/apls/Desktop/code/Test/ShadowTest
C:/Users/apls/Desktop/code/Test/ShadowTest
Using Asset Import Pipeline V2.
Refreshing native plugins compatible for Editor in 26.99 ms, found 0 plugins.
Preloading 0 native plugins for Editor in 0.00 ms.
Initialize engine version: 2020.3.3f1c1 (a34b99c2c582)
[Subsystems] Discovering subsystems at path C:/Program Files/Unity/Hub/Editor/2020.3.3f1c1/Editor/Data/Resources/UnitySubsystems
[Subsystems] Discovering subsystems at path C:/Users/apls/Desktop/code/Test/ShadowTest/Assets
GfxDevice: creating device client; threaded=0
Direct3D:
    Version:  Direct3D 11.0 [level 11.1]
    Renderer: NVIDIA GeForce GTX 1060 6GB (ID=0x1c03)
    Vendor:   
    VRAM:     6052 MB
    Driver:   30.0.14.7212
Initialize mono
Mono path[0] = 'C:/Program Files/Unity/Hub/Editor/2020.3.3f1c1/Editor/Data/Managed'
Mono path[1] = 'C:/Program Files/Unity/Hub/Editor/2020.3.3f1c1/Editor/Data/MonoBleedingEdge/lib/mono/unityjit'
Mono config path = 'C:/Program Files/Unity/Hub/Editor/2020.3.3f1c1/Editor/Data/MonoBleedingEdge/etc'
Using monoOptions --debugger-agent=transport=dt_socket,embedding=1,server=y,suspend=n,address=127.0.0.1:56248
Begin MonoManager ReloadAssembly
Registering precompiled unity dll's ...
Register platform support module: C:/Program Files/Unity/Hub/Editor/2020.3.3f1c1/Editor/Data/PlaybackEngines/WindowsStandaloneSupport/UnityEditor.WindowsStandalone.Extensions.dll
Registered in 0.006962 seconds.
Native extension for WindowsStandalone target not found
Refreshing native plugins compatible for Editor in 25.31 ms, found 0 plugins.
Preloading 0 native plugins for Editor in 0.00 ms.
Invoked RoslynAnalysisRunner static constructor.
RoslynAnalysisRunner will not be running.
RoslynAnalysisRunner has terminated.
Mono: successfully reloaded assembly
- Completed reload, in  5.218 seconds
Platform modules already initialized, skipping
Registering precompiled user dll's ...
Registered in 0.001449 seconds.
Begin MonoManager ReloadAssembly
Native extension for WindowsStandalone target not found
Refreshing native plugins compatible for Editor in 0.18 ms, found 0 plugins.
Preloading 0 native plugins for Editor in 0.00 ms.
Invoked RoslynAnalysisRunner static constructor.
RoslynAnalysisRunner will not be running.
RoslynAnalysisRunner has terminated.
Mono: successfully reloaded assembly
- Completed reload, in  0.913 seconds
Platform modules already initialized, skipping
========================================================================
Worker process is ready to serve import requests
Launched and connected shader compiler UnityShaderCompiler.exe after 0.05 seconds
Refreshing native plugins compatible for Editor in 0.31 ms, found 0 plugins.
Preloading 0 native plugins for Editor in 0.00 ms.
Unloading 1119 Unused Serialized files (Serialized files now loaded: 0)
System memory in use before: 59.1 MB.
System memory in use after: 59.2 MB.

Unloading 9 unused Assets to reduce memory usage. Loaded Objects now: 1573.
Total: 1.553600 ms (FindLiveObjects: 0.118200 ms CreateObjectMapping: 0.034200 ms MarkObjects: 1.310600 ms  DeleteObjects: 0.089900 ms)

========================================================================
Received Import Request.
  path: Assets/GameAssets/Shader/GenerateDepthMap.shader
  artifactKey: Guid(f6e3e0f887dd74a47bab3a405822ab1a) Importer(815301076,1909f56bfc062723c751e8b465ee728b)
Start importing Assets/GameAssets/Shader/GenerateDepthMap.shader using Guid(f6e3e0f887dd74a47bab3a405822ab1a) Importer(815301076,1909f56bfc062723c751e8b465ee728b)  -> (artifact id: 'c0f75a0f815966f294220b4ce73b7c79') in 0.044270 seconds
  Import took 0.047565 seconds .

========================================================================
Received Import Request.
  Time since last request: 0.000258 seconds.
  path: Assets/GameAssets/Shader/ShadowMap.shader
  artifactKey: Guid(e11122c49084d874b94e412d8bc70561) Importer(815301076,1909f56bfc062723c751e8b465ee728b)
Start importing Assets/GameAssets/Shader/ShadowMap.shader using Guid(e11122c49084d874b94e412d8bc70561) Importer(815301076,1909f56bfc062723c751e8b465ee728b)  -> (artifact id: '5652372729775205050a7447ac701ad2') in 0.008544 seconds
  Import took 0.010400 seconds .

========================================================================
Received Import Request.
  Time since last request: 49.575869 seconds.
  path: Assets/GameAssets/Shader/ShadowMap.shader
  artifactKey: Guid(e11122c49084d874b94e412d8bc70561) Importer(815301076,1909f56bfc062723c751e8b465ee728b)
Start importing Assets/GameAssets/Shader/ShadowMap.shader using Guid(e11122c49084d874b94e412d8bc70561) Importer(815301076,1909f56bfc062723c751e8b465ee728b)  -> (artifact id: '3221bd5b3bace8effd23196effb6539a') in 0.008743 seconds
  Import took 0.011552 seconds .

========================================================================
Received Prepare
Registering precompiled user dll's ...
Registered in 0.001485 seconds.
Begin MonoManager ReloadAssembly
Native extension for WindowsStandalone target not found
Refreshing native plugins compatible for Editor in 0.20 ms, found 0 plugins.
Preloading 0 native plugins for Editor in 0.00 ms.
Invoked RoslynAnalysisRunner static constructor.
RoslynAnalysisRunner will not be running.
RoslynAnalysisRunner has terminated.
Mono: successfully reloaded assembly
- Completed reload, in  1.022 seconds
Platform modules already initialized, skipping
Refreshing native plugins compatible for Editor in 0.27 ms, found 0 plugins.
Preloading 0 native plugins for Editor in 0.00 ms.
Unloading 1110 Unused Serialized files (Serialized files now loaded: 0)
System memory in use before: 58.6 MB.
System memory in use after: 58.7 MB.

Unloading 4 unused Assets to reduce memory usage. Loaded Objects now: 1576.
Total: 1.891800 ms (FindLiveObjects: 0.219900 ms CreateObjectMapping: 0.063200 ms MarkObjects: 1.585300 ms  DeleteObjects: 0.022000 ms)

AssetImportWorkerClient::OnTransportError - code=2 error=End of file
